Done with degree 2.
Done with degree 3.
Done with degree 4.
Done with degree 5.
Done with degree 6.
Done with degree 7.
Done with degree 8.
Done with degree 9.
Done with degree 10.
Done with degree 11.
Done with degree 12.
Done with degree 13.
Done with degree 14.
Done with degree 15.
Done with degree 16.
Done with degree 17.
Done with degree 18.
Done with degree 19.
Done with degree 20.
    Degree  Estimated Price  Std. Deviation  CI Lower Bound  CI Upper Bound
0        2         5.215155        0.759878          4.9743          5.4560
1        3         5.092700        0.790892          4.8420          5.3434
2        4         5.262344        0.685481          5.0451          5.4796
3        5         5.241471        0.596240          5.0525          5.4305
4        6         5.285845        0.555354          5.1098          5.4619
5        7         5.169543        0.671826          4.9566          5.3825
6        8         5.239297        0.635509          5.0379          5.4407
7        9         5.294822        0.614032          5.1002          5.4895
8       10         5.393981        0.714327          5.1676          5.6204
9       11         5.325352        0.706756          5.1013          5.5494
10      12         5.122128        0.629596          4.9226          5.3217
11      13         5.326392        0.701744          5.1040          5.5488
12      14         5.222970        0.626017          5.0245          5.4214
13      15         5.302386        0.732111          5.0703          5.5345
14      16         5.078576        0.619626          4.8822          5.2750
15      17         5.187277        0.662172          4.9774          5.3972
16      18         5.239367        0.659717          5.0302          5.4485
17      19         5.333701        0.796502          5.0812          5.5862
18      20         5.245346        0.674458          5.0316          5.4591
Mean Price across all degrees: 5.2410
European call option price: 4.7469
Done with degree 2.
Done with degree 3.
Done with degree 4.
Done with degree 5.
Done with degree 6.
Done with degree 7.
Done with degree 8.
Done with degree 9.
Done with degree 10.
Done with degree 11.
Done with degree 12.
Done with degree 13.
Done with degree 14.
Done with degree 15.
Done with degree 16.
Done with degree 17.
Done with degree 18.
Done with degree 19.
Done with degree 20.
    Degree  Estimated Price  Std. Deviation  CI Lower Bound  CI Upper Bound
0        2         5.340541        0.326334          5.2371          5.4440
1        3         5.288913        0.380414          5.1683          5.4095
2        4         5.316937        0.319018          5.2158          5.4181
3        5         5.293422        0.357302          5.1802          5.4067
4        6         5.283346        0.339770          5.1756          5.3910
5        7         5.243834        0.307901          5.1462          5.3414
6        8         5.265757        0.331291          5.1607          5.3708
7        9         5.244452        0.325698          5.1412          5.3477
8       10         5.267816        0.348561          5.1573          5.3783
9       11         5.275395        0.354413          5.1631          5.3877
10      12         5.239249        0.293571          5.1462          5.3323
11      13         5.247417        0.351957          5.1359          5.3590
12      14         5.296483        0.372853          5.1783          5.4147
13      15         5.291406        0.368373          5.1746          5.4082
14      16         5.230578        0.397844          5.1045          5.3567
15      17         5.276231        0.341531          5.1680          5.3845
16      18         5.247055        0.368529          5.1302          5.3639
17      19         5.370325        0.370732          5.2528          5.4878
18      20         5.329262        0.360542          5.2150          5.4435
Mean Price across all degrees: 5.2815
European call option price: 4.7469
Done with degree 2.
Done with degree 3.
Done with degree 4.
Done with degree 5.
Done with degree 6.
Done with degree 7.
Done with degree 8.
Done with degree 9.
Done with degree 10.
Done with degree 11.
Done with degree 12.
Done with degree 13.
Done with degree 14.
Done with degree 15.
Done with degree 16.
Done with degree 17.
Done with degree 18.
Done with degree 19.
Done with degree 20.
    Degree  Estimated Price  Std. Deviation  CI Lower Bound  CI Upper Bound
0        2         5.266613        0.166683          5.2138          5.3194
1        3         5.286682        0.150798          5.2389          5.3345
2        4         5.322838        0.153415          5.2742          5.3715
3        5         5.333041        0.159382          5.2825          5.3836
4        6         5.304364        0.171437          5.2500          5.3587
5        7         5.316400        0.169560          5.2627          5.3701
6        8         5.290620        0.132759          5.2485          5.3327
7        9         5.244606        0.164732          5.1924          5.2968
8       10         5.266838        0.170040          5.2129          5.3207
9       11         5.235870        0.165291          5.1835          5.2883
10      12         5.261072        0.170809          5.2069          5.3152
11      13         5.280645        0.156757          5.2310          5.3303
12      14         5.286872        0.180718          5.2296          5.3442
13      15         5.248040        0.173150          5.1932          5.3029
14      16         5.245155        0.162095          5.1938          5.2965
15      17         5.331025        0.193056          5.2698          5.3922
16      18         5.308555        0.164355          5.2565          5.3607
17      19         5.353483        0.162797          5.3019          5.4051
18      20         5.464005        0.219331          5.3945          5.5335
Mean Price across all degrees: 5.2972
European call option price: 4.7469
Done with degree 2.
Done with degree 3.
Done with degree 4.
Done with degree 5.
Done with degree 6.
Done with degree 7.
Done with degree 8.
Done with degree 9.
Done with degree 10.
Done with degree 11.
Done with degree 12.
Done with degree 13.
Done with degree 14.
Done with degree 15.
Done with degree 16.
Done with degree 17.
Done with degree 18.
Done with degree 19.
Done with degree 20.
    Degree  Estimated Price  Std. Deviation  CI Lower Bound  CI Upper Bound
0        2         5.298201        0.100396          5.2664          5.3300
1        3         5.288096        0.087321          5.2604          5.3158
2        4         5.278889        0.078517          5.2540          5.3038
3        5         5.304215        0.079305          5.2791          5.3294
4        6         5.287809        0.081669          5.2619          5.3137
5        7         5.293400        0.087200          5.2658          5.3210
6        8         5.254401        0.082324          5.2283          5.2805
7        9         5.243926        0.075994          5.2198          5.2680
8       10         5.265399        0.082394          5.2393          5.2915
9       11         5.257799        0.081592          5.2319          5.2837
10      12         5.277296        0.086470          5.2499          5.3047
11      13         5.300756        0.093980          5.2710          5.3305
12      14         5.249224        0.078608          5.2243          5.2741
13      15         5.247339        0.081849          5.2214          5.2733
14      16         5.285763        0.095340          5.2555          5.3160
15      17         5.340512        0.084912          5.3136          5.3674
16      18         5.370558        0.100034          5.3388          5.4023
17      19         5.417521        0.091720          5.3884          5.4466
18      20         5.481811        0.126016          5.4419          5.5218
Mean Price across all degrees: 5.3023
European call option price: 4.7469
Done with degree 2.
Done with degree 3.
Done with degree 4.
Done with degree 5.
Done with degree 6.
Done with degree 7.
Done with degree 8.
Done with degree 9.
Done with degree 10.
Done with degree 11.
Done with degree 12.
Done with degree 13.
Done with degree 14.
Done with degree 15.
Done with degree 16.
Done with degree 17.
Done with degree 18.
Done with degree 19.
Done with degree 20.
    Degree  Estimated Price  Std. Deviation  CI Lower Bound  CI Upper Bound
0        2         5.295052        0.044390          5.2810          5.3091
1        3         5.299847        0.040725          5.2869          5.3128
2        4         5.291186        0.036475          5.2796          5.3027
3        5         5.281029        0.040721          5.2681          5.2939
4        6         5.291394        0.044352          5.2773          5.3055
5        7         5.299005        0.045456          5.2846          5.3134
6        8         5.279341        0.035408          5.2681          5.2906
7        9         5.253531        0.040145          5.2408          5.2663
8       10         5.259301        0.033899          5.2486          5.2700
9       11         5.253081        0.036742          5.2414          5.2647
10      12         5.270364        0.040657          5.2575          5.2833
11      13         5.258410        0.035416          5.2472          5.2696
12      14         5.265641        0.041873          5.2524          5.2789
13      15         5.265947        0.036036          5.2545          5.2774
14      16         5.301522        0.042373          5.2881          5.3150
15      17         5.331430        0.048236          5.3161          5.3467
16      18         5.412454        0.066202          5.3915          5.4334
17      19         5.484608        0.065280          5.4639          5.5053
18      20         5.558766        0.071275          5.5362          5.5814
Mean Price across all degrees: 5.3133
European call option price: 4.7469
Done with degree 2.
Done with degree 3.
Done with degree 4.
Done with degree 5.
Done with degree 6.
Done with degree 7.
Done with degree 8.
Done with degree 9.
Done with degree 10.
Done with degree 11.
Done with degree 12.
Done with degree 13.
Done with degree 14.
Done with degree 15.
Done with degree 16.
Done with degree 17.
Done with degree 18.
Done with degree 19.
Done with degree 20.
    Degree  Estimated Price  Std. Deviation  CI Lower Bound  CI Upper Bound
0        2         5.078157        0.630953          4.8782          5.2782
1        3         5.093672        0.635535          4.8922          5.2951
2        4         5.006364        0.440779          4.8666          5.1461
3        5         4.912293        0.586939          4.7262          5.0983
4        6         4.957708        0.669556          4.7455          5.1699
5        7         5.044603        0.612865          4.8503          5.2389
6        8         5.070499        0.594305          4.8821          5.2589
7        9         5.084771        0.758923          4.8442          5.3253
8       10         4.820518        0.606881          4.6281          5.0129
9       11         4.860977        0.585586          4.6754          5.0466
10      12         4.992912        0.453124          4.8493          5.1365
11      13         5.058189        0.608470          4.8653          5.2511
12      14         4.965803        0.672525          4.7526          5.1790
13      15         5.031604        0.625933          4.8332          5.2300
14      16         4.954970        0.596131          4.7660          5.1439
15      17         5.000609        0.682915          4.7841          5.2171
16      18         5.052082        0.609738          4.8588          5.2454
17      19         5.058259        0.586750          4.8723          5.2442
18      20         5.118931        0.591601          4.9314          5.3065
Mean Price across all degrees: 5.0086
European call option price: 4.7469
Done with degree 2.
Done with degree 3.
Done with degree 4.
Done with degree 5.
Done with degree 6.
Done with degree 7.
Done with degree 8.
Done with degree 9.
Done with degree 10.
Done with degree 11.
Done with degree 12.
Done with degree 13.
Done with degree 14.
Done with degree 15.
Done with degree 16.
Done with degree 17.
Done with degree 18.
Done with degree 19.
Done with degree 20.
    Degree  Estimated Price  Std. Deviation  CI Lower Bound  CI Upper Bound
0        2         5.115964        0.297796          5.0216          5.2104
1        3         5.008529        0.318571          4.9075          5.1095
2        4         5.064885        0.301221          4.9694          5.1604
3        5         5.017279        0.307338          4.9199          5.1147
4        6         5.003391        0.326031          4.9000          5.1067
5        7         5.114853        0.307933          5.0172          5.2125
6        8         5.017528        0.281259          4.9284          5.1067
7        9         4.990969        0.322543          4.8887          5.0932
8       10         5.026444        0.309301          4.9284          5.1245
9       11         4.961481        0.253805          4.8810          5.0419
10      12         5.036568        0.350053          4.9256          5.1475
11      13         4.978587        0.323156          4.8762          5.0810
12      14         5.069592        0.293875          4.9764          5.1627
13      15         5.105910        0.331248          5.0009          5.2109
14      16         5.017662        0.289725          4.9258          5.1095
15      17         4.984858        0.303284          4.8887          5.0810
16      18         5.003863        0.309223          4.9058          5.1019
17      19         5.102317        0.290421          5.0103          5.1944
18      20         5.056645        0.377921          4.9369          5.1764
Mean Price across all degrees: 5.0356
European call option price: 4.7469
Done with degree 2.
Done with degree 3.
Done with degree 4.
Done with degree 5.
Done with degree 6.
Done with degree 7.
Done with degree 8.
Done with degree 9.
Done with degree 10.
Done with degree 11.
Done with degree 12.
Done with degree 13.
Done with degree 14.
Done with degree 15.
Done with degree 16.
Done with degree 17.
Done with degree 18.
Done with degree 19.
Done with degree 20.
    Degree  Estimated Price  Std. Deviation  CI Lower Bound  CI Upper Bound
0        2         5.029236        0.183819          4.9710          5.0875
1        3         4.996449        0.155637          4.9471          5.0458
2        4         5.017986        0.130759          4.9765          5.0594
3        5         4.993715        0.166976          4.9408          5.0466
4        6         5.014883        0.155440          4.9656          5.0642
5        7         5.012121        0.186705          4.9529          5.0713
6        8         4.991929        0.154416          4.9430          5.0409
7        9         4.977249        0.177929          4.9208          5.0336
8       10         5.009071        0.173820          4.9540          5.0642
9       11         4.967151        0.146983          4.9206          5.0137
10      12         4.957104        0.154288          4.9082          5.0060
11      13         5.008697        0.140352          4.9642          5.0532
12      14         5.063328        0.152444          5.0150          5.1117
13      15         4.962683        0.182101          4.9050          5.0204
14      16         5.006476        0.162754          4.9549          5.0581
15      17         4.952851        0.187761          4.8933          5.0124
16      18         5.093568        0.213858          5.0258          5.1614
17      19         5.101702        0.136583          5.0584          5.1450
18      20         5.156324        0.218094          5.0872          5.2255
Mean Price across all degrees: 5.0164
European call option price: 4.7469
Done with degree 2.
Done with degree 3.
Done with degree 4.
Done with degree 5.
Done with degree 6.
Done with degree 7.
Done with degree 8.
Done with degree 9.
Done with degree 10.
Done with degree 11.
Done with degree 12.
Done with degree 13.
Done with degree 14.
Done with degree 15.
Done with degree 16.
Done with degree 17.
Done with degree 18.
Done with degree 19.
Done with degree 20.
    Degree  Estimated Price  Std. Deviation  CI Lower Bound  CI Upper Bound
0        2         5.039590        0.074173          5.0161          5.0631
1        3         5.004985        0.073843          4.9816          5.0284
2        4         5.019389        0.078883          4.9944          5.0444
3        5         5.009624        0.094354          4.9797          5.0395
4        6         5.022591        0.062740          5.0027          5.0425
5        7         5.030174        0.077899          5.0055          5.0549
6        8         5.005191        0.089637          4.9768          5.0336
7        9         4.997740        0.067624          4.9763          5.0192
8       10         4.978381        0.069605          4.9563          5.0004
9       11         4.968180        0.077854          4.9435          4.9929
10      12         4.992911        0.078497          4.9680          5.0178
11      13         5.000826        0.068905          4.9790          5.0227
12      14         4.986227        0.078345          4.9614          5.0111
13      15         4.968190        0.077513          4.9436          4.9928
14      16         5.000315        0.087845          4.9725          5.0282
15      17         5.036904        0.079018          5.0119          5.0620
16      18         5.095360        0.074240          5.0718          5.1189
17      19         5.170129        0.102809          5.1375          5.2027
18      20         5.233523        0.103250          5.2008          5.2663
Mean Price across all degrees: 5.0295
European call option price: 4.7469
Done with degree 2.
Done with degree 3.
Done with degree 4.
Done with degree 5.
Done with degree 6.
Done with degree 7.
Done with degree 8.
Done with degree 9.
Done with degree 10.
Done with degree 11.
Done with degree 12.
Done with degree 13.
Done with degree 14.
Done with degree 15.
Done with degree 16.
Done with degree 17.
Done with degree 18.
Done with degree 19.
Done with degree 20.
    Degree  Estimated Price  Std. Deviation  CI Lower Bound  CI Upper Bound
0        2         5.027183        0.032615          5.0168          5.0375
1        3         5.019451        0.043795          5.0056          5.0333
2        4         5.024111        0.042899          5.0105          5.0377
3        5         5.032723        0.037034          5.0210          5.0445
4        6         5.015257        0.031144          5.0054          5.0251
5        7         5.009284        0.041880          4.9960          5.0226
6        8         5.010383        0.038629          4.9981          5.0226
7        9         4.974094        0.050246          4.9582          4.9900
8       10         4.974060        0.030806          4.9643          4.9838
9       11         4.983188        0.037483          4.9713          4.9951
10      12         4.994677        0.039913          4.9820          5.0073
11      13         4.988066        0.038343          4.9759          5.0002
12      14         4.970884        0.041219          4.9578          4.9840
13      15         4.970081        0.037795          4.9581          4.9821
14      16         5.014738        0.043052          5.0011          5.0284
15      17         5.051868        0.057411          5.0337          5.0701
16      18         5.156962        0.076684          5.1327          5.1813
17      19         5.241064        0.064130          5.2207          5.2614
18      20         5.313296        0.065783          5.2924          5.3341
Mean Price across all degrees: 5.0406
European call option price: 4.7469
Traceback (most recent call last):
  File "/Users/richardjohnsson/Documents/masterthesis/OptionPricingBSDE/main.py", line 121, in <module>
    main()
  File "/Users/richardjohnsson/Documents/masterthesis/OptionPricingBSDE/main.py", line 56, in main
    american_opt.plot_and_show_table_by_degree(degrees, args.opt_style, show_plot=args.nofig)
TypeError: BSDEOptionPricingEuropean.plot_and_show_table_by_degree() got an unexpected keyword argument 'show_plot'
Traceback (most recent call last):
  File "/Users/richardjohnsson/Documents/masterthesis/OptionPricingBSDE/main.py", line 121, in <module>
    main()
  File "/Users/richardjohnsson/Documents/masterthesis/OptionPricingBSDE/main.py", line 56, in main
    american_opt.plot_and_show_table_by_degree(degrees, args.opt_style, show_plot=args.nofig)
TypeError: BSDEOptionPricingEuropean.plot_and_show_table_by_degree() got an unexpected keyword argument 'show_plot'
Traceback (most recent call last):
  File "/Users/richardjohnsson/Documents/masterthesis/OptionPricingBSDE/main.py", line 121, in <module>
    main()
  File "/Users/richardjohnsson/Documents/masterthesis/OptionPricingBSDE/main.py", line 56, in main
    american_opt.plot_and_show_table_by_degree(degrees, args.opt_style, show_plot=args.nofig)
TypeError: BSDEOptionPricingEuropean.plot_and_show_table_by_degree() got an unexpected keyword argument 'show_plot'
Traceback (most recent call last):
  File "/Users/richardjohnsson/Documents/masterthesis/OptionPricingBSDE/main.py", line 121, in <module>
    main()
  File "/Users/richardjohnsson/Documents/masterthesis/OptionPricingBSDE/main.py", line 56, in main
    american_opt.plot_and_show_table_by_degree(degrees, args.opt_style, show_plot=args.nofig)
TypeError: BSDEOptionPricingEuropean.plot_and_show_table_by_degree() got an unexpected keyword argument 'show_plot'
Traceback (most recent call last):
  File "/Users/richardjohnsson/Documents/masterthesis/OptionPricingBSDE/main.py", line 121, in <module>
    main()
  File "/Users/richardjohnsson/Documents/masterthesis/OptionPricingBSDE/main.py", line 56, in main
    american_opt.plot_and_show_table_by_degree(degrees, args.opt_style, show_plot=args.nofig)
TypeError: BSDEOptionPricingEuropean.plot_and_show_table_by_degree() got an unexpected keyword argument 'show_plot'
Traceback (most recent call last):
  File "/Users/richardjohnsson/Documents/masterthesis/OptionPricingBSDE/main.py", line 121, in <module>
    main()
  File "/Users/richardjohnsson/Documents/masterthesis/OptionPricingBSDE/main.py", line 56, in main
    american_opt.plot_and_show_table_by_degree(degrees, args.opt_style, show_plot=args.nofig)
TypeError: BSDEOptionPricingEuropean.plot_and_show_table_by_degree() got an unexpected keyword argument 'show_plot'
Traceback (most recent call last):
  File "/Users/richardjohnsson/Documents/masterthesis/OptionPricingBSDE/main.py", line 121, in <module>
    main()
  File "/Users/richardjohnsson/Documents/masterthesis/OptionPricingBSDE/main.py", line 56, in main
    american_opt.plot_and_show_table_by_degree(degrees, args.opt_style, show_plot=args.nofig)
TypeError: BSDEOptionPricingEuropean.plot_and_show_table_by_degree() got an unexpected keyword argument 'show_plot'
Traceback (most recent call last):
  File "/Users/richardjohnsson/Documents/masterthesis/OptionPricingBSDE/main.py", line 121, in <module>
    main()
  File "/Users/richardjohnsson/Documents/masterthesis/OptionPricingBSDE/main.py", line 56, in main
    american_opt.plot_and_show_table_by_degree(degrees, args.opt_style, show_plot=args.nofig)
TypeError: BSDEOptionPricingEuropean.plot_and_show_table_by_degree() got an unexpected keyword argument 'show_plot'
Traceback (most recent call last):
  File "/Users/richardjohnsson/Documents/masterthesis/OptionPricingBSDE/main.py", line 121, in <module>
    main()
  File "/Users/richardjohnsson/Documents/masterthesis/OptionPricingBSDE/main.py", line 56, in main
    american_opt.plot_and_show_table_by_degree(degrees, args.opt_style, show_plot=args.nofig)
TypeError: BSDEOptionPricingEuropean.plot_and_show_table_by_degree() got an unexpected keyword argument 'show_plot'
Traceback (most recent call last):
  File "/Users/richardjohnsson/Documents/masterthesis/OptionPricingBSDE/main.py", line 121, in <module>
    main()
  File "/Users/richardjohnsson/Documents/masterthesis/OptionPricingBSDE/main.py", line 56, in main
    american_opt.plot_and_show_table_by_degree(degrees, args.opt_style, show_plot=args.nofig)
TypeError: BSDEOptionPricingEuropean.plot_and_show_table_by_degree() got an unexpected keyword argument 'show_plot'
Traceback (most recent call last):
  File "/Users/richardjohnsson/Documents/masterthesis/OptionPricingBSDE/main.py", line 121, in <module>
    main()
  File "/Users/richardjohnsson/Documents/masterthesis/OptionPricingBSDE/main.py", line 61, in main
    if K2 == None or R == None:
       ^^
NameError: name 'K2' is not defined
Traceback (most recent call last):
  File "/Users/richardjohnsson/Documents/masterthesis/OptionPricingBSDE/main.py", line 121, in <module>
    main()
  File "/Users/richardjohnsson/Documents/masterthesis/OptionPricingBSDE/main.py", line 61, in main
    if K2 == None or R == None:
       ^^
NameError: name 'K2' is not defined
Traceback (most recent call last):
  File "/Users/richardjohnsson/Documents/masterthesis/OptionPricingBSDE/main.py", line 121, in <module>
    main()
  File "/Users/richardjohnsson/Documents/masterthesis/OptionPricingBSDE/main.py", line 61, in main
    if K2 == None or R == None:
       ^^
NameError: name 'K2' is not defined
Traceback (most recent call last):
  File "/Users/richardjohnsson/Documents/masterthesis/OptionPricingBSDE/main.py", line 121, in <module>
    main()
  File "/Users/richardjohnsson/Documents/masterthesis/OptionPricingBSDE/main.py", line 61, in main
    if K2 == None or R == None:
       ^^
NameError: name 'K2' is not defined
Traceback (most recent call last):
  File "/Users/richardjohnsson/Documents/masterthesis/OptionPricingBSDE/main.py", line 121, in <module>
    main()
  File "/Users/richardjohnsson/Documents/masterthesis/OptionPricingBSDE/main.py", line 61, in main
    if K2 == None or R == None:
       ^^
NameError: name 'K2' is not defined
Traceback (most recent call last):
  File "/Users/richardjohnsson/Documents/masterthesis/OptionPricingBSDE/main.py", line 121, in <module>
    main()
  File "/Users/richardjohnsson/Documents/masterthesis/OptionPricingBSDE/main.py", line 61, in main
    if K2 == None or R == None:
       ^^
NameError: name 'K2' is not defined
Traceback (most recent call last):
  File "/Users/richardjohnsson/Documents/masterthesis/OptionPricingBSDE/main.py", line 121, in <module>
    main()
  File "/Users/richardjohnsson/Documents/masterthesis/OptionPricingBSDE/main.py", line 61, in main
    if K2 == None or R == None:
       ^^
NameError: name 'K2' is not defined
Traceback (most recent call last):
  File "/Users/richardjohnsson/Documents/masterthesis/OptionPricingBSDE/main.py", line 121, in <module>
    main()
  File "/Users/richardjohnsson/Documents/masterthesis/OptionPricingBSDE/main.py", line 61, in main
    if K2 == None or R == None:
       ^^
NameError: name 'K2' is not defined
Traceback (most recent call last):
  File "/Users/richardjohnsson/Documents/masterthesis/OptionPricingBSDE/main.py", line 121, in <module>
    main()
  File "/Users/richardjohnsson/Documents/masterthesis/OptionPricingBSDE/main.py", line 61, in main
    if K2 == None or R == None:
       ^^
NameError: name 'K2' is not defined
Traceback (most recent call last):
  File "/Users/richardjohnsson/Documents/masterthesis/OptionPricingBSDE/main.py", line 121, in <module>
    main()
  File "/Users/richardjohnsson/Documents/masterthesis/OptionPricingBSDE/main.py", line 61, in main
    if K2 == None or R == None:
       ^^
NameError: name 'K2' is not defined
Traceback (most recent call last):
  File "/Users/richardjohnsson/Documents/masterthesis/OptionPricingBSDE/main.py", line 121, in <module>
    main()
  File "/Users/richardjohnsson/Documents/masterthesis/OptionPricingBSDE/main.py", line 74, in main
    if K2 == None or R == None:
       ^^
NameError: name 'K2' is not defined
Traceback (most recent call last):
  File "/Users/richardjohnsson/Documents/masterthesis/OptionPricingBSDE/main.py", line 121, in <module>
    main()
  File "/Users/richardjohnsson/Documents/masterthesis/OptionPricingBSDE/main.py", line 74, in main
    if K2 == None or R == None:
       ^^
NameError: name 'K2' is not defined
Traceback (most recent call last):
  File "/Users/richardjohnsson/Documents/masterthesis/OptionPricingBSDE/main.py", line 121, in <module>
    main()
  File "/Users/richardjohnsson/Documents/masterthesis/OptionPricingBSDE/main.py", line 74, in main
    if K2 == None or R == None:
       ^^
NameError: name 'K2' is not defined
Traceback (most recent call last):
  File "/Users/richardjohnsson/Documents/masterthesis/OptionPricingBSDE/main.py", line 121, in <module>
    main()
  File "/Users/richardjohnsson/Documents/masterthesis/OptionPricingBSDE/main.py", line 74, in main
    if K2 == None or R == None:
       ^^
NameError: name 'K2' is not defined
Traceback (most recent call last):
  File "/Users/richardjohnsson/Documents/masterthesis/OptionPricingBSDE/main.py", line 121, in <module>
    main()
  File "/Users/richardjohnsson/Documents/masterthesis/OptionPricingBSDE/main.py", line 74, in main
    if K2 == None or R == None:
       ^^
NameError: name 'K2' is not defined
Traceback (most recent call last):
  File "/Users/richardjohnsson/Documents/masterthesis/OptionPricingBSDE/main.py", line 121, in <module>
    main()
  File "/Users/richardjohnsson/Documents/masterthesis/OptionPricingBSDE/main.py", line 74, in main
    if K2 == None or R == None:
       ^^
NameError: name 'K2' is not defined
Traceback (most recent call last):
  File "/Users/richardjohnsson/Documents/masterthesis/OptionPricingBSDE/main.py", line 121, in <module>
    main()
  File "/Users/richardjohnsson/Documents/masterthesis/OptionPricingBSDE/main.py", line 74, in main
    if K2 == None or R == None:
       ^^
NameError: name 'K2' is not defined
Traceback (most recent call last):
  File "/Users/richardjohnsson/Documents/masterthesis/OptionPricingBSDE/main.py", line 121, in <module>
    main()
  File "/Users/richardjohnsson/Documents/masterthesis/OptionPricingBSDE/main.py", line 74, in main
    if K2 == None or R == None:
       ^^
NameError: name 'K2' is not defined
Traceback (most recent call last):
  File "/Users/richardjohnsson/Documents/masterthesis/OptionPricingBSDE/main.py", line 121, in <module>
    main()
  File "/Users/richardjohnsson/Documents/masterthesis/OptionPricingBSDE/main.py", line 74, in main
    if K2 == None or R == None:
       ^^
NameError: name 'K2' is not defined
Traceback (most recent call last):
  File "/Users/richardjohnsson/Documents/masterthesis/OptionPricingBSDE/main.py", line 121, in <module>
    main()
  File "/Users/richardjohnsson/Documents/masterthesis/OptionPricingBSDE/main.py", line 74, in main
    if K2 == None or R == None:
       ^^
NameError: name 'K2' is not defined
